<?xml version="1.0" encoding="UTF-8"?>
<testsuite xmlns:xsi="http://www.w3.org/2001/XMLSchema-instance" xsi:noNamespaceSchemaLocation="https://maven.apache.org/surefire/maven-surefire-plugin/xsd/surefire-test-report-3.0.xsd" version="3.0" name="com.yhj.dictation.service.DictationRecordServiceTest$DeleteRecordsByBatchIdTests" time="0.004" tests="2" errors="0" skipped="0" failures="0">
  <properties>
[...]
</properties>
  <testcase name="deleteRecordsByBatchId_emptyBatch" classname="com.yhj.dictation.service.DictationRecordServiceTest$DeleteRecordsByBatchIdTests" time="0.001">
    <system-out><![CDATA[16:06:59.831 [main] INFO com.yhj.dictation.service.DictationRecordService -- Deleted 0 records for batch: 1
]]></system-out>
  </testcase>
  <testcase name="deleteRecordsByBatchId_success" classname="com.yhj.dictation.service.DictationRecordServiceTest$DeleteRecordsByBatchIdTests" time="0.001">
    <system-out><![CDATA[16:06:59.833 [main] INFO com.yhj.dictation.service.DictationRecordService -- Deleted 2 records for batch: 1
]]></system-out>
  </testcase>
</testsuite>